<?xml version="1.0" encoding="UTF-8"?>
<coverage generated="1729059521559" clover="3.2.0">
  <project timestamp="1729059521559" name="All files">
    <metrics statements="25" coveredstatements="25" conditionals="2" coveredconditionals="2" methods="7" coveredmethods="7" elements="34" coveredelements="34" complexity="0" loc="25" ncloc="25" packages="1" files="5" classes="5"/>
    <file name="database.ts" path="/Users/katekrema/Downloads/itmo.board/Backend/src/database.ts">
      <metrics statements="5" coveredstatements="5" conditionals="0" coveredconditionals="0" methods="2" coveredmethods="2"/>
      <line num="2" count="1" type="stmt"/>
      <line num="4" count="1" type="stmt"/>
      <line num="12" count="2" type="stmt"/>
      <line num="13" count="2" type="stmt"/>
      <line num="14" count="1" type="stmt"/>
    </file>
    <file name="errorHandler.ts" path="/Users/katekrema/Downloads/itmo.board/Backend/src/errorHandler.ts">
      <metrics statements="3" coveredstatements="3" conditionals="0" coveredconditionals="0" methods="1" coveredmethods="1"/>
      <line num="4" count="1" type="stmt"/>
      <line num="9" count="1" type="stmt"/>
      <line num="10" count="1" type="stmt"/>
    </file>
    <file name="logger.ts" path="/Users/katekrema/Downloads/itmo.board/Backend/src/logger.ts">
      <metrics statements="4" coveredstatements="4" conditionals="0" coveredconditionals="0" methods="1" coveredmethods="1"/>
      <line num="1" count="1" type="stmt"/>
      <line num="3" count="1" type="stmt"/>
      <line num="9" count="2" type="stmt"/>
      <line num="18" count="1" type="stmt"/>
    </file>
    <file name="routes.ts" path="/Users/katekrema/Downloads/itmo.board/Backend/src/routes.ts">
      <metrics statements="10" coveredstatements="10" conditionals="2" coveredconditionals="2" methods="2" coveredmethods="2"/>
      <line num="2" count="1" type="stmt"/>
      <line num="4" count="1" type="stmt"/>
      <line num="6" count="1" type="stmt"/>
      <line num="7" count="1" type="stmt"/>
      <line num="10" count="1" type="stmt"/>
      <line num="11" count="3" type="stmt"/>
      <line num="12" count="3" type="cond" truecount="2" falsecount="0"/>
      <line num="13" count="2" type="stmt"/>
      <line num="15" count="1" type="stmt"/>
      <line num="19" count="1" type="stmt"/>
    </file>
    <file name="server.ts" path="/Users/katekrema/Downloads/itmo.board/Backend/src/server.ts">
      <metrics statements="3" coveredstatements="3" conditionals="0" coveredconditionals="0" methods="1" coveredmethods="1"/>
      <line num="1" count="1" type="stmt"/>
      <line num="2" count="2" type="stmt"/>
      <line num="4" count="1" type="stmt"/>
    </file>
  </project>
</coverage>
