TN:
SF:src/database.ts
FN:12,(anonymous_7)
FN:12,(anonymous_8)
FNF:2
FNH:2
FNDA:2,(anonymous_7)
FNDA:2,(anonymous_8)
DA:2,1
DA:4,1
DA:12,2
DA:13,2
DA:14,1
LF:5
LH:5
BRF:0
BRH:0
end_of_record
TN:
SF:src/errorHandler.ts
FN:4,(anonymous_0)
FNF:1
FNH:1
FNDA:1,(anonymous_0)
DA:4,1
DA:9,1
DA:10,1
LF:3
LH:3
BRF:0
BRH:0
end_of_record
TN:
SF:src/logger.ts
FN:8,(anonymous_0)
FNF:1
FNH:1
FNDA:2,(anonymous_0)
DA:1,1
DA:3,1
DA:9,2
DA:18,1
LF:4
LH:4
BRF:0
BRH:0
end_of_record
TN:
SF:src/routes.ts
FN:6,(anonymous_1)
FN:10,(anonymous_2)
FNF:2
FNH:2
FNDA:1,(anonymous_1)
FNDA:3,(anonymous_2)
DA:2,1
DA:4,1
DA:6,1
DA:7,1
DA:10,1
DA:11,3
DA:12,3
DA:13,2
DA:15,1
DA:19,1
LF:10
LH:10
BRDA:12,0,0,2
BRDA:12,0,1,1
BRF:2
BRH:2
end_of_record
TN:
SF:src/server.ts
FN:1,a
FNF:1
FNH:1
FNDA:2,a
DA:1,1
DA:2,2
DA:4,1
LF:3
LH:3
BRF:0
BRH:0
end_of_record
