TN:
SF:src/database.ts
FN:11,(anonymous_7)
FN:11,(anonymous_8)
FN:17,untestedFunction
FN:22,untestedCondition
FNF:4
FNH:2
FNDA:2,(anonymous_7)
FNDA:2,(anonymous_8)
FNDA:0,untestedFunction
FNDA:0,untestedCondition
DA:1,1
DA:3,1
DA:11,2
DA:12,2
DA:13,1
DA:17,1
DA:18,0
DA:22,1
DA:23,0
DA:24,0
DA:26,0
LF:11
LH:7
BRDA:23,0,0,0
BRDA:23,0,1,0
BRF:2
BRH:0
end_of_record
TN:
SF:src/errorHandler.ts
FN:3,(anonymous_0)
FN:13,untestedFunction
FN:18,untestedCondition
FNF:3
FNH:1
FNDA:1,(anonymous_0)
FNDA:0,untestedFunction
FNDA:0,untestedCondition
DA:3,1
DA:8,1
DA:9,1
DA:13,1
DA:14,0
DA:18,1
DA:19,0
DA:20,0
DA:22,0
LF:9
LH:5
BRDA:19,0,0,0
BRDA:19,0,1,0
BRF:2
BRH:0
end_of_record
TN:
SF:src/logger.ts
FN:8,(anonymous_0)
FNF:1
FNH:0
FNDA:0,(anonymous_0)
DA:1,1
DA:3,1
DA:9,0
DA:18,1
LF:4
LH:3
BRF:0
BRH:0
end_of_record
TN:
SF:src/routes.ts
FN:5,(anonymous_1)
FN:9,(anonymous_2)
FN:19,untestedFunction
FN:24,untestedCondition
FNF:4
FNH:2
FNDA:1,(anonymous_1)
FNDA:2,(anonymous_2)
FNDA:0,untestedFunction
FNDA:0,untestedCondition
DA:1,1
DA:3,1
DA:5,1
DA:6,1
DA:9,1
DA:10,2
DA:11,2
DA:12,1
DA:14,1
DA:19,1
DA:20,0
DA:24,1
DA:25,0
DA:26,0
DA:28,0
DA:32,1
LF:16
LH:12
BRDA:11,0,0,1
BRDA:11,0,1,1
BRDA:25,1,0,0
BRDA:25,1,1,0
BRF:4
BRH:2
end_of_record
TN:
SF:src/server.ts
FN:1,a
FN:7,b
FN:11,c
FNF:3
FNH:1
FNDA:2,a
FNDA:0,b
FNDA:0,c
DA:1,1
DA:2,2
DA:4,1
DA:7,1
DA:8,0
DA:11,1
DA:12,0
DA:13,0
DA:15,0
LF:9
LH:5
BRDA:12,0,0,0
BRDA:12,0,1,0
BRF:2
BRH:0
end_of_record
